019-10-29 21:50:09.886  INFO 10396 --- [restartedMain] c.ccbobe.websocket.WebsocketApplication  : Starting WebsocketApplication on LAPTOP-4UHTHCKD with PID 10396 (C:\workspace\2019_10\study\websocket\target\classes started by ccbobe in C:\workspace\2019_10\study)
2019-10-29 21:50:09.886  INFO 10396 --- [restartedMain] c.ccbobe.websocket.WebsocketApplication  : No active profile set, falling back to default profiles: default
2019-10-29 21:50:09.933  INFO 10396 --- [restartedMain] .e.DevToolsPropertyDefaultsPostProcessor : Devtools property defaults active! Set 'spring.devtools.add-properties' to 'false' to disable
2019-10-29 21:50:09.933  INFO 10396 --- [restartedMain] .e.DevToolsPropertyDefaultsPostProcessor : For additional web related logging consider setting the 'logging.level.web' property to 'DEBUG'
2019-10-29 21:50:10.944  INFO 10396 --- [restartedMain] o.s.b.w.embedded.tomcat.TomcatWebServer  : Tomcat initialized with port(s): 8080 (http)
2019-10-29 21:50:10.960  INFO 10396 --- [restartedMain] o.apache.catalina.core.StandardService   : Starting service [Tomcat]
2019-10-29 21:50:10.960  INFO 10396 --- [restartedMain] org.apache.catalina.core.StandardEngine  : Starting Servlet engine: [Apache Tomcat/9.0.16]
2019-10-29 21:50:10.960  INFO 10396 --- [restartedMain] o.a.catalina.core.AprLifecycleListener   : The APR based Apache Tomcat Native library which allows optimal performance in production environments was not found on the java.library.path: [C:\Program Files\JetBrains\IntelliJ IDEA 2019.2.3\jbr\bin;C:\WINDOWS\Sun\Java\bin;C:\WINDOWS\system32;C:\WINDOWS;C:\WINDOWS\system32;C:\WINDOWS;C:\WINDOWS\System32\Wbem;C:\WINDOWS\System32\WindowsPowerShell\v1.0\;C:\WINDOWS\System32\OpenSSH\;C:\Program Files\Intel\WiFi\bin\;C:\Program Files\Common Files\Intel\WirelessCommon\;C:\Program Files\Java\jdk1.8.0_212\bin;C:\Program Files\Git\cmd;C:\Users\ccbobe\AppData\Local\Microsoft\WindowsApps;;.]
2019-10-29 21:50:11.038  INFO 10396 --- [restartedMain] o.a.c.c.C.[Tomcat].[localhost].[/]       : Initializing Spring embedded WebApplicationContext
2019-10-29 21:50:11.038  INFO 10396 --- [restartedMain] o.s.web.context.ContextLoader            : Root WebApplicationContext: initialization completed in 1105 ms
2019-12-16 11:10:12.770  INFO 6492 --- [restartedMain] c.ccbobe.websocket.WebsocketApplication  : Starting WebsocketApplication on DESKTOP-86M9JG6 with PID 6492 (D:\workspace\20191125\study\websocket\target\classes started by Administrator in D:\workspace\20191125\study)
2019-12-16 11:10:12.778  INFO 6492 --- [restartedMain] c.ccbobe.websocket.WebsocketApplication  : No active profile set, falling back to default profiles: default
2019-12-16 11:10:13.082  INFO 6492 --- [restartedMain] .e.DevToolsPropertyDefaultsPostProcessor : Devtools property defaults active! Set 'spring.devtools.add-properties' to 'false' to disable
2019-12-16 11:10:13.083  INFO 6492 --- [restartedMain] .e.DevToolsPropertyDefaultsPostProcessor : For additional web related logging consider setting the 'logging.level.web' property to 'DEBUG'
2019-12-16 11:10:14.447  INFO 6492 --- [restartedMain] o.s.b.w.embedded.tomcat.TomcatWebServer  : Tomcat initialized with port(s): 8080 (http)
2019-12-16 11:10:14.469  INFO 6492 --- [restartedMain] o.apache.catalina.core.StandardService   : Starting service [Tomcat]
2019-12-16 11:10:14.469  INFO 6492 --- [restartedMain] org.apache.catalina.core.StandardEngine  : Starting Servlet engine: [Apache Tomcat/9.0.16]
2019-12-16 11:10:14.477  INFO 6492 --- [restartedMain] o.a.catalina.core.AprLifecycleListener   : The APR based Apache Tomcat Native library which allows optimal performance in production environments was not found on the java.library.path: [D:\Program Files\Java\jdk1.8.0_212\bin;C:\Windows\Sun\Java\bin;C:\Windows\system32;C:\Windows;C:\Program Files (x86)\NetSarang\Xftp 6\;C:\Program Files (x86)\NetSarang\Xshell 6\;C:\Windows\system32;C:\Windows;C:\Windows\System32\Wbem;C:\Windows\System32\WindowsPowerShell\v1.0\;D:\Program Files\Java\jdk1.8.0_212\bin;C:\Program Files\nodejs\;C:\Program Files\TortoiseGit\bin;D:\arcore\;D:\Program Files\Java\jre1.8.0_212\bin;d:\Program Files\Git\cmd;.]
2019-12-16 11:10:14.557  INFO 6492 --- [restartedMain] o.a.c.c.C.[Tomcat].[localhost].[/]       : Initializing Spring embedded WebApplicationContext
2019-12-16 11:10:14.557  INFO 6492 --- [restartedMain] o.s.web.context.ContextLoader            : Root WebApplicationContext: initialization completed in 1474 ms
2019-12-16 15:34:45.919  INFO 1640 --- [restartedMain] c.ccbobe.websocket.WebsocketApplication  : Starting WebsocketApplication on DESKTOP-86M9JG6 with PID 1640 (D:\workspace\20191125\study\websocket\target\classes started by Administrator in D:\workspace\20191125\study)
2019-12-16 15:34:45.922  INFO 1640 --- [restartedMain] c.ccbobe.websocket.WebsocketApplication  : No active profile set, falling back to default profiles: default
2019-12-16 15:34:45.979  INFO 1640 --- [restartedMain] .e.DevToolsPropertyDefaultsPostProcessor : Devtools property defaults active! Set 'spring.devtools.add-properties' to 'false' to disable
2019-12-16 15:34:45.980  INFO 1640 --- [restartedMain] .e.DevToolsPropertyDefaultsPostProcessor : For additional web related logging consider setting the 'logging.level.web' property to 'DEBUG'
2019-12-16 15:34:47.081  INFO 1640 --- [restartedMain] o.s.b.w.embedded.tomcat.TomcatWebServer  : Tomcat initialized with port(s): 8080 (http)
2019-12-16 15:34:47.096  INFO 1640 --- [restartedMain] o.apache.catalina.core.StandardService   : Starting service [Tomcat]
2019-12-16 15:34:47.097  INFO 1640 --- [restartedMain] org.apache.catalina.core.StandardEngine  : Starting Servlet engine: [Apache Tomcat/9.0.16]
2019-12-16 15:34:47.102  INFO 1640 --- [restartedMain] o.a.catalina.core.AprLifecycleListener   : The APR based Apache Tomcat Native library which allows optimal performance in production environments was not found on the java.library.path: [D:\Program Files\Java\jdk1.8.0_212\bin;C:\Windows\Sun\Java\bin;C:\Windows\system32;C:\Windows;C:\Program Files (x86)\NetSarang\Xftp 6\;C:\Program Files (x86)\NetSarang\Xshell 6\;C:\Windows\system32;C:\Windows;C:\Windows\System32\Wbem;C:\Windows\System32\WindowsPowerShell\v1.0\;D:\Program Files\Java\jdk1.8.0_212\bin;C:\Program Files\nodejs\;C:\Program Files\TortoiseGit\bin;D:\arcore\;D:\Program Files\Java\jre1.8.0_212\bin;d:\Program Files\Git\cmd;.]
2019-12-16 15:34:47.160  INFO 1640 --- [restartedMain] o.a.c.c.C.[Tomcat].[localhost].[/]       : Initializing Spring embedded WebApplicationContext
2019-12-16 15:34:47.160  INFO 1640 --- [restartedMain] o.s.web.context.ContextLoader            : Root WebApplicationContext: initialization completed in 1180 ms
