2019-10-28 20:46:17.482  INFO 9932 --- [restartedMain] c.ccbobe.websocket.WebsocketApplication  : Starting WebsocketApplication on LAPTOP-4UHTHCKD with PID 9932 (C:\workspace\2019_10\study\websocket\target\classes started by ccbobe in C:\workspace\2019_10\study)
2019-10-28 20:46:17.482  INFO 9932 --- [restartedMain] c.ccbobe.websocket.WebsocketApplication  : No active profile set, falling back to default profiles: default
2019-10-28 20:46:17.518  INFO 9932 --- [restartedMain] .e.DevToolsPropertyDefaultsPostProcessor : Devtools property defaults active! Set 'spring.devtools.add-properties' to 'false' to disable
2019-10-28 20:46:17.518  INFO 9932 --- [restartedMain] .e.DevToolsPropertyDefaultsPostProcessor : For additional web related logging consider setting the 'logging.level.web' property to 'DEBUG'
2019-10-28 20:46:18.582  INFO 9932 --- [restartedMain] o.s.b.w.embedded.tomcat.TomcatWebServer  : Tomcat initialized with port(s): 8080 (http)
2019-10-28 20:46:18.602  INFO 9932 --- [restartedMain] o.apache.catalina.core.StandardService   : Starting service [Tomcat]
2019-10-28 20:46:18.602  INFO 9932 --- [restartedMain] org.apache.catalina.core.StandardEngine  : Starting Servlet engine: [Apache Tomcat/9.0.16]
2019-10-28 20:46:18.610  INFO 9932 --- [restartedMain] o.a.catalina.core.AprLifecycleListener   : The APR based Apache Tomcat Native library which allows optimal performance in production environments was not found on the java.library.path: [C:\Program Files\JetBrains\IntelliJ IDEA 2019.2.3\jbr\bin;C:\WINDOWS\Sun\Java\bin;C:\WINDOWS\system32;C:\WINDOWS;C:\WINDOWS\system32;C:\WINDOWS;C:\WINDOWS\System32\Wbem;C:\WINDOWS\System32\WindowsPowerShell\v1.0\;C:\WINDOWS\System32\OpenSSH\;C:\Program Files\Intel\WiFi\bin\;C:\Program Files\Common Files\Intel\WirelessCommon\;C:\Program Files\Java\jdk1.8.0_212\bin;C:\Program Files\Git\cmd;C:\Users\ccbobe\AppData\Local\Microsoft\WindowsApps;;.]
2019-10-28 20:46:18.690  INFO 9932 --- [restartedMain] o.a.c.c.C.[Tomcat].[localhost].[/]       : Initializing Spring embedded WebApplicationContext
2019-10-28 20:46:18.690  INFO 9932 --- [restartedMain] o.s.web.context.ContextLoader            : Root WebApplicationContext: initialization completed in 1172 ms
2019-10-28 20:46:35.069  INFO 4692 --- [restartedMain] c.ccbobe.websocket.WebsocketApplication  : Starting WebsocketApplication on LAPTOP-4UHTHCKD with PID 4692 (C:\workspace\2019_10\study\websocket\target\classes started by ccbobe in C:\workspace\2019_10\study)
2019-10-28 20:46:35.077  INFO 4692 --- [restartedMain] c.ccbobe.websocket.WebsocketApplication  : No active profile set, falling back to default profiles: default
2019-10-28 20:46:35.109  INFO 4692 --- [restartedMain] .e.DevToolsPropertyDefaultsPostProcessor : Devtools property defaults active! Set 'spring.devtools.add-properties' to 'false' to disable
2019-10-28 20:46:35.109  INFO 4692 --- [restartedMain] .e.DevToolsPropertyDefaultsPostProcessor : For additional web related logging consider setting the 'logging.level.web' property to 'DEBUG'
2019-10-28 20:46:35.985  INFO 4692 --- [restartedMain] o.s.b.w.embedded.tomcat.TomcatWebServer  : Tomcat initialized with port(s): 8080 (http)
2019-10-28 20:46:36.037  INFO 4692 --- [restartedMain] o.apache.catalina.core.StandardService   : Starting service [Tomcat]
2019-10-28 20:46:36.037  INFO 4692 --- [restartedMain] org.apache.catalina.core.StandardEngine  : Starting Servlet engine: [Apache Tomcat/9.0.16]
2019-10-28 20:46:36.053  INFO 4692 --- [restartedMain] o.a.catalina.core.AprLifecycleListener   : The APR based Apache Tomcat Native library which allows optimal performance in production environments was not found on the java.library.path: [C:\Program Files\JetBrains\IntelliJ IDEA 2019.2.3\jbr\bin;C:\WINDOWS\Sun\Java\bin;C:\WINDOWS\system32;C:\WINDOWS;C:\WINDOWS\system32;C:\WINDOWS;C:\WINDOWS\System32\Wbem;C:\WINDOWS\System32\WindowsPowerShell\v1.0\;C:\WINDOWS\System32\OpenSSH\;C:\Program Files\Intel\WiFi\bin\;C:\Program Files\Common Files\Intel\WirelessCommon\;C:\Program Files\Java\jdk1.8.0_212\bin;C:\Program Files\Git\cmd;C:\Users\ccbobe\AppData\Local\Microsoft\WindowsApps;;.]
2019-10-28 20:46:36.173  INFO 4692 --- [restartedMain] o.a.c.c.C.[Tomcat].[localhost].[/]       : Initializing Spring embedded WebApplicationContext
2019-10-28 20:46:36.173  INFO 4692 --- [restartedMain] o.s.web.context.ContextLoader            : Root WebApplicationContext: initialization completed in 1064 ms
